[2025-05-19 14:53:29] INFO: Поиск записей за период с 2023-01-01 по 2025-05-19.
[2025-05-19 14:53:29] INFO: Страница 1 обработана. Найдено 10 ссылок.
[2025-05-19 14:53:30] INFO: Страница 2 обработана. Найдено 10 ссылок.
[2025-05-19 14:53:30] INFO: Страница 3 обработана. Найдено 10 ссылок.
[2025-05-19 14:53:31] INFO: Страница 4 обработана. Найдено 10 ссылок.
[2025-05-19 14:53:31] INFO: Страница 5 обработана. Найдено 10 ссылок.
[2025-05-19 14:53:32] INFO: Страница 6 обработана. Найдено 10 ссылок.
[2025-05-19 14:53:32] INFO: Страница 7 обработана. Найдено 10 ссылок.
[2025-05-19 14:53:33] INFO: Страница 8 обработана. Найдено 10 ссылок.
[2025-05-19 14:53:34] INFO: Страница 9 обработана. Найдено 10 ссылок.
[2025-05-19 14:53:34] INFO: Страница 10 обработана. Найдено 10 ссылок.
[2025-05-19 14:53:35] INFO: Страница 11 обработана. Найдено 10 ссылок.
[2025-05-19 14:53:35] INFO: Страница 12 обработана. Найдено 10 ссылок.
[2025-05-19 14:53:36] INFO: Страница 13 обработана. Найдено 10 ссылок.
[2025-05-19 14:53:36] INFO: Страница 14 обработана. Найдено 10 ссылок.
[2025-05-19 14:53:37] INFO: Страница 15 обработана. Найдено 10 ссылок.
[2025-05-19 14:53:38] INFO: Страница 16 обработана. Найдено 10 ссылок.
[2025-05-19 14:53:38] INFO: Страница 17 обработана. Найдено 10 ссылок.
[2025-05-19 14:53:39] INFO: Страница 18 обработана. Найдено 10 ссылок.
[2025-05-19 14:53:39] INFO: Страница 19 обработана. Найдено 10 ссылок.
[2025-05-19 14:53:40] INFO: Страница 20 обработана. Найдено 10 ссылок.
[2025-05-19 14:53:40] INFO: Страница 21 обработана. Найдено 10 ссылок.
[2025-05-19 14:53:41] INFO: Страница 22 обработана. Найдено 10 ссылок.
[2025-05-19 14:53:41] INFO: Страница 23 обработана. Найдено 10 ссылок.
[2025-05-19 14:53:42] INFO: Страница 24 обработана. Найдено 10 ссылок.
[2025-05-19 14:53:43] INFO: Страница 25 обработана. Найдено 10 ссылок.
[2025-05-19 14:53:43] INFO: Страница 26 обработана. Найдено 10 ссылок.
[2025-05-19 14:53:44] INFO: Страница 27 обработана. Найдено 10 ссылок.
[2025-05-19 14:53:44] INFO: Страница 28 обработана. Найдено 10 ссылок.
[2025-05-19 14:53:45] INFO: Страница 29 обработана. Найдено 10 ссылок.
[2025-05-19 14:53:45] INFO: Страница 30 обработана. Найдено 10 ссылок.
[2025-05-19 14:53:46] INFO: Страница 31 обработана. Найдено 10 ссылок.
[2025-05-19 14:53:47] INFO: Страница 32 обработана. Найдено 10 ссылок.
[2025-05-19 14:53:47] INFO: Страница 33 обработана. Найдено 10 ссылок.
[2025-05-19 14:53:48] INFO: Страница 34 обработана. Найдено 10 ссылок.
[2025-05-19 14:53:48] INFO: Страница 35 обработана. Найдено 10 ссылок.
[2025-05-19 14:53:49] INFO: Страница 36 обработана. Найдено 10 ссылок.
[2025-05-19 14:53:49] INFO: Страница 37 обработана. Найдено 10 ссылок.
[2025-05-19 14:53:50] INFO: Страница 38 обработана. Найдено 10 ссылок.
[2025-05-19 14:53:51] INFO: Страница 39 обработана. Найдено 10 ссылок.
[2025-05-19 14:53:51] INFO: Страница 40 обработана. Найдено 10 ссылок.
[2025-05-19 14:53:52] INFO: Страница 41 обработана. Найдено 10 ссылок.
[2025-05-19 14:53:53] INFO: Страница 42 обработана. Найдено 10 ссылок.
[2025-05-19 14:53:53] INFO: Страница 43 обработана. Найдено 10 ссылок.
[2025-05-19 14:53:54] INFO: Страница 44 обработана. Найдено 10 ссылок.
[2025-05-19 14:53:54] INFO: Страница 45 обработана. Найдено 10 ссылок.
[2025-05-19 14:53:55] INFO: Страница 46 обработана. Найдено 10 ссылок.
[2025-05-19 14:53:55] INFO: Страница 47 обработана. Найдено 10 ссылок.
[2025-05-19 14:53:56] INFO: Страница 48 обработана. Найдено 10 ссылок.
[2025-05-19 14:53:56] INFO: Страница 49 обработана. Найдено 10 ссылок.
[2025-05-19 14:53:57] INFO: Страница 50 обработана. Найдено 10 ссылок.
[2025-05-19 14:53:57] INFO: Страница 51 обработана. Найдено 10 ссылок.
[2025-05-19 14:53:58] INFO: Страница 52 обработана. Найдено 10 ссылок.
[2025-05-19 14:53:58] INFO: Страница 53 обработана. Найдено 10 ссылок.
[2025-05-19 14:53:59] INFO: Страница 54 обработана. Найдено 10 ссылок.
[2025-05-19 14:54:00] INFO: Страница 55 обработана. Найдено 10 ссылок.
[2025-05-19 14:54:00] INFO: Страница 56 обработана. Найдено 10 ссылок.
[2025-05-19 14:54:01] INFO: Страница 57 обработана. Найдено 10 ссылок.
[2025-05-19 14:54:01] INFO: Страница 58 обработана. Найдено 10 ссылок.
[2025-05-19 14:54:02] INFO: Страница 59 обработана. Найдено 4 ссылок.
[2025-05-19 14:54:02] INFO: Всего ссылок на XLS-файлы найдено: 584
[2025-05-19 14:54:03] INFO: Файл бюллетеня от 2023-01-09 обработан. Найдено записей: 155.
[2025-05-19 14:54:04] INFO: Файл бюллетеня от 2023-01-10 обработан. Найдено записей: 174.
[2025-05-19 14:54:05] INFO: Файл бюллетеня от 2023-01-11 обработан. Найдено записей: 170.
[2025-05-19 14:54:05] INFO: Файл бюллетеня от 2023-01-12 обработан. Найдено записей: 166.
[2025-05-19 14:54:07] INFO: Файл бюллетеня от 2023-01-13 обработан. Найдено записей: 175.
[2025-05-19 14:54:07] INFO: Файл бюллетеня от 2023-01-16 обработан. Найдено записей: 164.
[2025-05-19 14:54:08] INFO: Файл бюллетеня от 2023-01-17 обработан. Найдено записей: 161.
[2025-05-19 14:54:09] INFO: Файл бюллетеня от 2023-01-18 обработан. Найдено записей: 175.
[2025-05-19 14:54:10] INFO: Файл бюллетеня от 2023-01-19 обработан. Найдено записей: 174.
[2025-05-19 14:54:11] INFO: Файл бюллетеня от 2023-01-20 обработан. Найдено записей: 156.
[2025-05-19 14:54:12] INFO: Файл бюллетеня от 2023-01-23 обработан. Найдено записей: 182.
[2025-05-19 14:54:13] INFO: Файл бюллетеня от 2023-01-24 обработан. Найдено записей: 169.
[2025-05-19 14:54:13] INFO: Файл бюллетеня от 2023-01-25 обработан. Найдено записей: 180.
[2025-05-19 14:54:14] INFO: Файл бюллетеня от 2023-01-26 обработан. Найдено записей: 188.
[2025-05-19 14:54:15] INFO: Файл бюллетеня от 2023-01-27 обработан. Найдено записей: 186.
[2025-05-19 14:54:16] INFO: Файл бюллетеня от 2023-01-30 обработан. Найдено записей: 178.
[2025-05-19 14:54:17] INFO: Файл бюллетеня от 2023-01-31 обработан. Найдено записей: 169.
[2025-05-19 14:54:18] INFO: Файл бюллетеня от 2023-02-01 обработан. Найдено записей: 178.
[2025-05-19 14:54:19] INFO: Файл бюллетеня от 2023-02-02 обработан. Найдено записей: 162.
[2025-05-19 14:54:19] INFO: Файл бюллетеня от 2023-02-03 обработан. Найдено записей: 170.
[2025-05-19 14:54:20] INFO: Файл бюллетеня от 2023-02-06 обработан. Найдено записей: 162.
[2025-05-19 14:54:21] INFO: Файл бюллетеня от 2023-02-07 обработан. Найдено записей: 177.
[2025-05-19 14:54:22] INFO: Файл бюллетеня от 2023-02-08 обработан. Найдено записей: 172.
[2025-05-19 14:54:23] INFO: Файл бюллетеня от 2023-02-09 обработан. Найдено записей: 196.
[2025-05-19 14:54:24] INFO: Файл бюллетеня от 2023-02-10 обработан. Найдено записей: 183.
[2025-05-19 14:54:24] INFO: Файл бюллетеня от 2023-02-13 обработан. Найдено записей: 179.
[2025-05-19 14:54:26] INFO: Файл бюллетеня от 2023-02-14 обработан. Найдено записей: 199.
[2025-05-19 14:54:26] INFO: Файл бюллетеня от 2023-02-15 обработан. Найдено записей: 220.
[2025-05-19 14:54:28] INFO: Файл бюллетеня от 2023-02-16 обработан. Найдено записей: 204.
[2025-05-19 14:54:28] INFO: Файл бюллетеня от 2023-02-17 обработан. Найдено записей: 214.
[2025-05-19 14:54:29] INFO: Файл бюллетеня от 2023-02-20 обработан. Найдено записей: 202.
[2025-05-19 14:54:30] INFO: Файл бюллетеня от 2023-02-21 обработан. Найдено записей: 196.
[2025-05-19 14:54:31] INFO: Файл бюллетеня от 2023-02-22 обработан. Найдено записей: 200.
[2025-05-19 14:54:32] INFO: Файл бюллетеня от 2023-02-27 обработан. Найдено записей: 202.
[2025-05-19 14:54:33] INFO: Файл бюллетеня от 2023-02-28 обработан. Найдено записей: 209.
[2025-05-19 14:54:33] INFO: Файл бюллетеня от 2023-03-01 обработан. Найдено записей: 213.
[2025-05-19 14:54:34] INFO: Файл бюллетеня от 2023-03-02 обработан. Найдено записей: 229.
[2025-05-19 14:54:35] INFO: Файл бюллетеня от 2023-03-03 обработан. Найдено записей: 235.
[2025-05-19 14:54:36] INFO: Файл бюллетеня от 2023-03-06 обработан. Найдено записей: 219.
[2025-05-19 14:54:36] INFO: Файл бюллетеня от 2023-03-07 обработан. Найдено записей: 189.
[2025-05-19 14:54:37] INFO: Файл бюллетеня от 2023-03-09 обработан. Найдено записей: 185.
[2025-05-19 14:54:38] INFO: Файл бюллетеня от 2023-03-10 обработан. Найдено записей: 149.
[2025-05-19 14:54:39] INFO: Файл бюллетеня от 2023-03-13 обработан. Найдено записей: 151.
[2025-05-19 14:54:39] INFO: Файл бюллетеня от 2023-03-14 обработан. Найдено записей: 159.
[2025-05-19 14:54:40] INFO: Файл бюллетеня от 2023-03-15 обработан. Найдено записей: 163.
[2025-05-19 14:54:41] INFO: Файл бюллетеня от 2023-03-16 обработан. Найдено записей: 188.
[2025-05-19 14:54:42] INFO: Файл бюллетеня от 2023-03-17 обработан. Найдено записей: 186.
[2025-05-19 14:54:42] INFO: Файл бюллетеня от 2023-03-20 обработан. Найдено записей: 167.
[2025-05-19 14:54:43] INFO: Файл бюллетеня от 2023-03-21 обработан. Найдено записей: 170.
[2025-05-19 14:54:44] INFO: Файл бюллетеня от 2023-03-22 обработан. Найдено записей: 166.
[2025-05-19 14:54:45] INFO: Файл бюллетеня от 2023-03-23 обработан. Найдено записей: 182.
[2025-05-19 14:54:45] INFO: Файл бюллетеня от 2023-03-24 обработан. Найдено записей: 154.
[2025-05-19 14:54:46] INFO: Файл бюллетеня от 2023-03-27 обработан. Найдено записей: 166.
[2025-05-19 14:54:47] INFO: Файл бюллетеня от 2023-03-28 обработан. Найдено записей: 167.
[2025-05-19 14:54:47] INFO: Файл бюллетеня от 2023-03-29 обработан. Найдено записей: 171.
[2025-05-19 14:54:48] INFO: Файл бюллетеня от 2023-03-30 обработан. Найдено записей: 172.
[2025-05-19 14:54:49] INFO: Файл бюллетеня от 2023-03-31 обработан. Найдено записей: 159.
[2025-05-19 14:54:50] INFO: Файл бюллетеня от 2023-04-03 обработан. Найдено записей: 185.
[2025-05-19 14:54:50] INFO: Файл бюллетеня от 2023-04-04 обработан. Найдено записей: 179.
[2025-05-19 14:54:51] INFO: Файл бюллетеня от 2023-04-05 обработан. Найдено записей: 186.
[2025-05-19 14:54:52] INFO: Файл бюллетеня от 2023-04-06 обработан. Найдено записей: 180.
[2025-05-19 14:54:52] INFO: Файл бюллетеня от 2023-04-07 обработан. Найдено записей: 169.
[2025-05-19 14:54:53] INFO: Файл бюллетеня от 2023-04-10 обработан. Найдено записей: 165.
[2025-05-19 14:54:54] INFO: Файл бюллетеня от 2023-04-11 обработан. Найдено записей: 164.
[2025-05-19 14:54:55] INFO: Файл бюллетеня от 2023-04-12 обработан. Найдено записей: 172.
[2025-05-19 14:54:56] INFO: Файл бюллетеня от 2023-04-13 обработан. Найдено записей: 192.
[2025-05-19 14:54:57] INFO: Файл бюллетеня от 2023-04-14 обработан. Найдено записей: 184.
[2025-05-19 14:54:57] INFO: Файл бюллетеня от 2023-04-17 обработан. Найдено записей: 172.
[2025-05-19 14:54:58] INFO: Файл бюллетеня от 2023-04-18 обработан. Найдено записей: 177.
[2025-05-19 14:54:59] INFO: Файл бюллетеня от 2023-04-19 обработан. Найдено записей: 192.
[2025-05-19 14:54:59] INFO: Файл бюллетеня от 2023-04-20 обработан. Найдено записей: 200.
[2025-05-19 14:55:00] INFO: Файл бюллетеня от 2023-04-21 обработан. Найдено записей: 189.
[2025-05-19 14:55:01] INFO: Файл бюллетеня от 2023-04-24 обработан. Найдено записей: 170.
[2025-05-19 14:55:02] INFO: Файл бюллетеня от 2023-04-25 обработан. Найдено записей: 178.
[2025-05-19 14:55:02] INFO: Файл бюллетеня от 2023-04-26 обработан. Найдено записей: 191.
[2025-05-19 14:55:03] INFO: Файл бюллетеня от 2023-04-27 обработан. Найдено записей: 186.
[2025-05-19 14:55:04] INFO: Файл бюллетеня от 2023-04-28 обработан. Найдено записей: 166.
[2025-05-19 14:55:05] INFO: Файл бюллетеня от 2023-05-02 обработан. Найдено записей: 162.
[2025-05-19 14:55:06] INFO: Файл бюллетеня от 2023-05-03 обработан. Найдено записей: 188.
[2025-05-19 14:55:06] INFO: Файл бюллетеня от 2023-05-04 обработан. Найдено записей: 179.
[2025-05-19 14:55:07] INFO: Файл бюллетеня от 2023-05-05 обработан. Найдено записей: 187.
[2025-05-19 14:55:08] INFO: Файл бюллетеня от 2023-05-10 обработан. Найдено записей: 187.
[2025-05-19 14:55:08] INFO: Файл бюллетеня от 2023-05-11 обработан. Найдено записей: 210.
[2025-05-19 14:55:09] INFO: Файл бюллетеня от 2023-05-12 обработан. Найдено записей: 179.
[2025-05-19 14:55:10] INFO: Файл бюллетеня от 2023-05-15 обработан. Найдено записей: 178.
[2025-05-19 14:55:11] INFO: Файл бюллетеня от 2023-05-16 обработан. Найдено записей: 185.
[2025-05-19 14:55:12] INFO: Файл бюллетеня от 2023-05-17 обработан. Найдено записей: 197.
[2025-05-19 14:55:12] INFO: Файл бюллетеня от 2023-05-18 обработан. Найдено записей: 186.
[2025-05-19 14:55:13] INFO: Файл бюллетеня от 2023-05-19 обработан. Найдено записей: 169.
[2025-05-19 14:55:14] INFO: Файл бюллетеня от 2023-05-22 обработан. Найдено записей: 177.
[2025-05-19 14:55:15] INFO: Файл бюллетеня от 2023-05-23 обработан. Найдено записей: 180.
[2025-05-19 14:55:15] INFO: Файл бюллетеня от 2023-05-24 обработан. Найдено записей: 165.
[2025-05-19 14:55:16] INFO: Файл бюллетеня от 2023-05-25 обработан. Найдено записей: 172.
[2025-05-19 14:55:17] INFO: Файл бюллетеня от 2023-05-26 обработан. Найдено записей: 165.
[2025-05-19 14:55:18] INFO: Файл бюллетеня от 2023-05-29 обработан. Найдено записей: 175.
[2025-05-19 14:55:19] INFO: Файл бюллетеня от 2023-05-30 обработан. Найдено записей: 185.
[2025-05-19 14:55:19] INFO: Файл бюллетеня от 2023-05-31 обработан. Найдено записей: 188.
[2025-05-19 14:55:20] INFO: Файл бюллетеня от 2023-06-01 обработан. Найдено записей: 205.
[2025-05-19 14:55:21] INFO: Файл бюллетеня от 2023-06-02 обработан. Найдено записей: 182.
[2025-05-19 14:55:22] INFO: Файл бюллетеня от 2023-06-05 обработан. Найдено записей: 192.
[2025-05-19 14:55:22] INFO: Файл бюллетеня от 2023-06-06 обработан. Найдено записей: 191.
[2025-05-19 14:55:23] INFO: Файл бюллетеня от 2023-06-07 обработан. Найдено записей: 203.
[2025-05-19 14:55:24] INFO: Файл бюллетеня от 2023-06-08 обработан. Найдено записей: 212.
[2025-05-19 14:55:25] INFO: Файл бюллетеня от 2023-06-09 обработан. Найдено записей: 203.
[2025-05-19 14:55:25] INFO: Файл бюллетеня от 2023-06-13 обработан. Найдено записей: 199.
[2025-05-19 14:55:26] INFO: Файл бюллетеня от 2023-06-14 обработан. Найдено записей: 203.
[2025-05-19 14:55:27] INFO: Файл бюллетеня от 2023-06-15 обработан. Найдено записей: 215.
[2025-05-19 14:55:27] INFO: Файл бюллетеня от 2023-06-16 обработан. Найдено записей: 183.
[2025-05-19 14:55:28] INFO: Файл бюллетеня от 2023-06-19 обработан. Найдено записей: 191.
[2025-05-19 14:55:29] INFO: Файл бюллетеня от 2023-06-20 обработан. Найдено записей: 190.
[2025-05-19 14:55:29] INFO: Файл бюллетеня от 2023-06-21 обработан. Найдено записей: 212.
[2025-05-19 14:55:30] INFO: Файл бюллетеня от 2023-06-22 обработан. Найдено записей: 196.
[2025-05-19 14:55:31] INFO: Файл бюллетеня от 2023-06-23 обработан. Найдено записей: 196.
[2025-05-19 14:55:32] INFO: Файл бюллетеня от 2023-06-26 обработан. Найдено записей: 185.
[2025-05-19 14:55:32] INFO: Файл бюллетеня от 2023-06-27 обработан. Найдено записей: 189.
[2025-05-19 14:55:33] INFO: Файл бюллетеня от 2023-06-28 обработан. Найдено записей: 195.
[2025-05-19 14:55:34] INFO: Файл бюллетеня от 2023-06-29 обработан. Найдено записей: 198.
[2025-05-19 14:55:34] INFO: Файл бюллетеня от 2023-06-30 обработан. Найдено записей: 191.
[2025-05-19 14:55:35] INFO: Файл бюллетеня от 2023-07-03 обработан. Найдено записей: 201.
[2025-05-19 14:55:36] INFO: Файл бюллетеня от 2023-07-04 обработан. Найдено записей: 194.
[2025-05-19 14:55:37] INFO: Файл бюллетеня от 2023-07-05 обработан. Найдено записей: 191.
[2025-05-19 14:55:37] INFO: Файл бюллетеня от 2023-07-06 обработан. Найдено записей: 199.
[2025-05-19 14:55:38] INFO: Файл бюллетеня от 2023-07-07 обработан. Найдено записей: 201.
[2025-05-19 14:55:39] INFO: Файл бюллетеня от 2023-07-10 обработан. Найдено записей: 193.
[2025-05-19 14:55:40] INFO: Файл бюллетеня от 2023-07-11 обработан. Найдено записей: 192.
[2025-05-19 14:55:41] INFO: Файл бюллетеня от 2023-07-12 обработан. Найдено записей: 199.
[2025-05-19 14:55:41] INFO: Файл бюллетеня от 2023-07-13 обработан. Найдено записей: 206.
[2025-05-19 14:55:42] INFO: Файл бюллетеня от 2023-07-14 обработан. Найдено записей: 198.
[2025-05-19 14:55:43] INFO: Файл бюллетеня от 2023-07-17 обработан. Найдено записей: 211.
[2025-05-19 14:55:44] INFO: Файл бюллетеня от 2023-07-18 обработан. Найдено записей: 213.
[2025-05-19 14:55:45] INFO: Файл бюллетеня от 2023-07-19 обработан. Найдено записей: 205.
[2025-05-19 14:55:45] INFO: Файл бюллетеня от 2023-07-20 обработан. Найдено записей: 210.
[2025-05-19 14:55:46] INFO: Файл бюллетеня от 2023-07-21 обработан. Найдено записей: 194.
[2025-05-19 14:55:47] INFO: Файл бюллетеня от 2023-07-24 обработан. Найдено записей: 186.
[2025-05-19 14:55:48] INFO: Файл бюллетеня от 2023-07-25 обработан. Найдено записей: 199.
[2025-05-19 14:55:48] INFO: Файл бюллетеня от 2023-07-26 обработан. Найдено записей: 181.
[2025-05-19 14:55:49] INFO: Файл бюллетеня от 2023-07-27 обработан. Найдено записей: 183.
[2025-05-19 14:55:50] INFO: Файл бюллетеня от 2023-07-28 обработан. Найдено записей: 176.
[2025-05-19 14:55:50] INFO: Файл бюллетеня от 2023-07-31 обработан. Найдено записей: 176.
[2025-05-19 14:55:51] INFO: Файл бюллетеня от 2023-08-01 обработан. Найдено записей: 213.
[2025-05-19 14:55:52] INFO: Файл бюллетеня от 2023-08-02 обработан. Найдено записей: 202.
[2025-05-19 14:55:53] INFO: Файл бюллетеня от 2023-08-03 обработан. Найдено записей: 203.
[2025-05-19 14:55:53] INFO: Файл бюллетеня от 2023-08-04 обработан. Найдено записей: 211.
[2025-05-19 14:55:54] INFO: Файл бюллетеня от 2023-08-07 обработан. Найдено записей: 190.
[2025-05-19 14:55:55] INFO: Файл бюллетеня от 2023-08-08 обработан. Найдено записей: 203.
[2025-05-19 14:55:56] INFO: Файл бюллетеня от 2023-08-09 обработан. Найдено записей: 195.
[2025-05-19 14:55:56] INFO: Файл бюллетеня от 2023-08-10 обработан. Найдено записей: 222.
[2025-05-19 14:55:57] INFO: Файл бюллетеня от 2023-08-11 обработан. Найдено записей: 205.
[2025-05-19 14:55:58] INFO: Файл бюллетеня от 2023-08-14 обработан. Найдено записей: 196.
[2025-05-19 14:55:59] INFO: Файл бюллетеня от 2023-08-15 обработан. Найдено записей: 214.
[2025-05-19 14:55:59] INFO: Файл бюллетеня от 2023-08-16 обработан. Найдено записей: 204.
[2025-05-19 14:56:00] INFO: Файл бюллетеня от 2023-08-17 обработан. Найдено записей: 203.
[2025-05-19 14:56:01] INFO: Файл бюллетеня от 2023-08-18 обработан. Найдено записей: 180.
[2025-05-19 14:56:02] INFO: Файл бюллетеня от 2023-08-21 обработан. Найдено записей: 165.
[2025-05-19 14:56:03] INFO: Файл бюллетеня от 2023-08-22 обработан. Найдено записей: 180.
[2025-05-19 14:56:03] INFO: Файл бюллетеня от 2023-08-23 обработан. Найдено записей: 202.
[2025-05-19 14:56:04] INFO: Файл бюллетеня от 2023-08-24 обработан. Найдено записей: 202.
[2025-05-19 14:56:04] INFO: Файл бюллетеня от 2023-08-25 обработан. Найдено записей: 186.
[2025-05-19 14:56:06] INFO: Файл бюллетеня от 2023-08-28 обработан. Найдено записей: 181.
[2025-05-19 14:56:06] INFO: Файл бюллетеня от 2023-08-29 обработан. Найдено записей: 176.
[2025-05-19 14:56:07] INFO: Файл бюллетеня от 2023-08-30 обработан. Найдено записей: 175.
[2025-05-19 14:56:08] INFO: Файл бюллетеня от 2023-08-31 обработан. Найдено записей: 174.
[2025-05-19 14:56:08] INFO: Файл бюллетеня от 2023-09-01 обработан. Найдено записей: 173.
[2025-05-19 14:56:09] INFO: Файл бюллетеня от 2023-09-04 обработан. Найдено записей: 195.
[2025-05-19 14:56:09] INFO: Файл бюллетеня от 2023-09-05 обработан. Найдено записей: 190.
[2025-05-19 14:56:10] INFO: Файл бюллетеня от 2023-09-06 обработан. Найдено записей: 189.
[2025-05-19 14:56:11] INFO: Файл бюллетеня от 2023-09-07 обработан. Найдено записей: 179.
[2025-05-19 14:56:12] INFO: Файл бюллетеня от 2023-09-08 обработан. Найдено записей: 179.
[2025-05-19 14:56:12] INFO: Файл бюллетеня от 2023-09-11 обработан. Найдено записей: 194.
[2025-05-19 14:56:13] INFO: Файл бюллетеня от 2023-09-12 обработан. Найдено записей: 196.
[2025-05-19 14:56:14] INFO: Файл бюллетеня от 2023-09-13 обработан. Найдено записей: 214.
[2025-05-19 14:56:15] INFO: Файл бюллетеня от 2023-09-14 обработан. Найдено записей: 207.
[2025-05-19 14:56:15] INFO: Файл бюллетеня от 2023-09-15 обработан. Найдено записей: 197.
[2025-05-19 14:56:16] INFO: Файл бюллетеня от 2023-09-18 обработан. Найдено записей: 214.
[2025-05-19 14:56:17] INFO: Файл бюллетеня от 2023-09-19 обработан. Найдено записей: 201.
[2025-05-19 14:56:18] INFO: Файл бюллетеня от 2023-09-20 обработан. Найдено записей: 191.
[2025-05-19 14:56:18] INFO: Файл бюллетеня от 2023-09-21 обработан. Найдено записей: 184.
[2025-05-19 14:56:19] INFO: Файл бюллетеня от 2023-09-22 обработан. Найдено записей: 159.
[2025-05-19 14:56:20] INFO: Файл бюллетеня от 2023-09-25 обработан. Найдено записей: 167.
[2025-05-19 14:56:20] INFO: Файл бюллетеня от 2023-09-26 обработан. Найдено записей: 182.
[2025-05-19 14:56:21] INFO: Файл бюллетеня от 2023-09-27 обработан. Найдено записей: 188.
[2025-05-19 14:56:22] INFO: Файл бюллетеня от 2023-09-28 обработан. Найдено записей: 180.
[2025-05-19 14:56:22] INFO: Файл бюллетеня от 2023-09-29 обработан. Найдено записей: 173.
[2025-05-19 14:56:23] INFO: Файл бюллетеня от 2023-10-02 обработан. Найдено записей: 183.
[2025-05-19 14:56:23] INFO: Файл бюллетеня от 2023-10-03 обработан. Найдено записей: 195.
[2025-05-19 14:56:24] INFO: Файл бюллетеня от 2023-10-04 обработан. Найдено записей: 180.
[2025-05-19 14:56:25] INFO: Файл бюллетеня от 2023-10-05 обработан. Найдено записей: 190.
[2025-05-19 14:56:25] INFO: Файл бюллетеня от 2023-10-06 обработан. Найдено записей: 181.
[2025-05-19 14:56:26] INFO: Файл бюллетеня от 2023-10-09 обработан. Найдено записей: 179.
[2025-05-19 14:56:27] INFO: Файл бюллетеня от 2023-10-10 обработан. Найдено записей: 187.
[2025-05-19 14:56:27] INFO: Файл бюллетеня от 2023-10-11 обработан. Найдено записей: 175.
[2025-05-19 14:56:28] INFO: Файл бюллетеня от 2023-10-12 обработан. Найдено записей: 180.
[2025-05-19 14:56:29] INFO: Файл бюллетеня от 2023-10-13 обработан. Найдено записей: 185.
[2025-05-19 14:56:29] INFO: Файл бюллетеня от 2023-10-16 обработан. Найдено записей: 172.
[2025-05-19 14:56:30] INFO: Файл бюллетеня от 2023-10-17 обработан. Найдено записей: 192.
[2025-05-19 14:56:30] INFO: Файл бюллетеня от 2023-10-18 обработан. Найдено записей: 184.
[2025-05-19 14:56:31] INFO: Файл бюллетеня от 2023-10-19 обработан. Найдено записей: 189.
[2025-05-19 14:56:32] INFO: Файл бюллетеня от 2023-10-20 обработан. Найдено записей: 180.
[2025-05-19 14:56:32] INFO: Файл бюллетеня от 2023-10-23 обработан. Найдено записей: 188.
[2025-05-19 14:56:33] INFO: Файл бюллетеня от 2023-10-24 обработан. Найдено записей: 185.
[2025-05-19 14:56:33] INFO: Файл бюллетеня от 2023-10-25 обработан. Найдено записей: 178.
[2025-05-19 14:56:34] INFO: Файл бюллетеня от 2023-10-26 обработан. Найдено записей: 198.
[2025-05-19 14:56:35] INFO: Файл бюллетеня от 2023-10-27 обработан. Найдено записей: 192.
[2025-05-19 14:56:35] INFO: Файл бюллетеня от 2023-10-30 обработан. Найдено записей: 200.
[2025-05-19 14:56:36] INFO: Файл бюллетеня от 2023-10-31 обработан. Найдено записей: 186.
[2025-05-19 14:56:37] INFO: Файл бюллетеня от 2023-11-01 обработан. Найдено записей: 202.
[2025-05-19 14:56:37] INFO: Файл бюллетеня от 2023-11-02 обработан. Найдено записей: 200.
[2025-05-19 14:56:38] INFO: Файл бюллетеня от 2023-11-03 обработан. Найдено записей: 193.
[2025-05-19 14:56:39] INFO: Файл бюллетеня от 2023-11-07 обработан. Найдено записей: 194.
[2025-05-19 14:56:40] INFO: Файл бюллетеня от 2023-11-08 обработан. Найдено записей: 202.
[2025-05-19 14:56:40] INFO: Файл бюллетеня от 2023-11-09 обработан. Найдено записей: 211.
[2025-05-19 14:56:41] INFO: Файл бюллетеня от 2023-11-10 обработан. Найдено записей: 196.
[2025-05-19 14:56:41] INFO: Файл бюллетеня от 2023-11-13 обработан. Найдено записей: 193.
[2025-05-19 14:56:42] INFO: Файл бюллетеня от 2023-11-14 обработан. Найдено записей: 209.
[2025-05-19 14:56:43] INFO: Файл бюллетеня от 2023-11-15 обработан. Найдено записей: 189.
[2025-05-19 14:56:43] INFO: Файл бюллетеня от 2023-11-16 обработан. Найдено записей: 194.
[2025-05-19 14:56:44] INFO: Файл бюллетеня от 2023-11-17 обработан. Найдено записей: 190.
[2025-05-19 14:56:45] INFO: Файл бюллетеня от 2023-11-20 обработан. Найдено записей: 201.
[2025-05-19 14:56:45] INFO: Файл бюллетеня от 2023-11-21 обработан. Найдено записей: 195.
[2025-05-19 14:56:46] INFO: Файл бюллетеня от 2023-11-22 обработан. Найдено записей: 194.
[2025-05-19 14:56:47] INFO: Файл бюллетеня от 2023-11-23 обработан. Найдено записей: 199.
[2025-05-19 14:56:48] INFO: Файл бюллетеня от 2023-11-24 обработан. Найдено записей: 202.
[2025-05-19 14:56:48] INFO: Файл бюллетеня от 2023-11-27 обработан. Найдено записей: 184.
[2025-05-19 14:56:49] INFO: Файл бюллетеня от 2023-11-28 обработан. Найдено записей: 183.
[2025-05-19 14:56:50] INFO: Файл бюллетеня от 2023-11-29 обработан. Найдено записей: 188.
[2025-05-19 14:56:50] INFO: Файл бюллетеня от 2023-11-30 обработан. Найдено записей: 178.
[2025-05-19 14:56:51] INFO: Файл бюллетеня от 2023-12-01 обработан. Найдено записей: 190.
[2025-05-19 14:56:52] INFO: Файл бюллетеня от 2023-12-04 обработан. Найдено записей: 206.
[2025-05-19 14:56:53] INFO: Файл бюллетеня от 2023-12-05 обработан. Найдено записей: 200.
[2025-05-19 14:56:53] INFO: Файл бюллетеня от 2023-12-06 обработан. Найдено записей: 180.
[2025-05-19 14:56:54] INFO: Файл бюллетеня от 2023-12-07 обработан. Найдено записей: 192.
[2025-05-19 14:56:55] INFO: Файл бюллетеня от 2023-12-08 обработан. Найдено записей: 190.
[2025-05-19 14:56:55] INFO: Файл бюллетеня от 2023-12-11 обработан. Найдено записей: 188.
[2025-05-19 14:56:56] INFO: Файл бюллетеня от 2023-12-12 обработан. Найдено записей: 208.
[2025-05-19 14:56:57] INFO: Файл бюллетеня от 2023-12-13 обработан. Найдено записей: 221.
[2025-05-19 14:56:58] INFO: Файл бюллетеня от 2023-12-14 обработан. Найдено записей: 202.
[2025-05-19 14:56:58] INFO: Файл бюллетеня от 2023-12-15 обработан. Найдено записей: 195.
[2025-05-19 14:56:59] INFO: Файл бюллетеня от 2023-12-18 обработан. Найдено записей: 191.
[2025-05-19 14:57:00] INFO: Файл бюллетеня от 2023-12-19 обработан. Найдено записей: 198.
[2025-05-19 14:57:01] INFO: Файл бюллетеня от 2023-12-20 обработан. Найдено записей: 200.
[2025-05-19 14:57:01] INFO: Файл бюллетеня от 2023-12-21 обработан. Найдено записей: 188.
[2025-05-19 14:57:02] INFO: Файл бюллетеня от 2023-12-22 обработан. Найдено записей: 201.
[2025-05-19 14:57:03] INFO: Файл бюллетеня от 2023-12-25 обработан. Найдено записей: 199.
[2025-05-19 14:57:04] INFO: Файл бюллетеня от 2023-12-26 обработан. Найдено записей: 205.
[2025-05-19 14:57:04] INFO: Файл бюллетеня от 2023-12-27 обработан. Найдено записей: 189.
[2025-05-19 14:57:05] INFO: Файл бюллетеня от 2023-12-28 обработан. Найдено записей: 181.
[2025-05-19 14:57:06] INFO: Файл бюллетеня от 2023-12-29 обработан. Найдено записей: 147.
[2025-05-19 14:57:06] INFO: Файл бюллетеня от 2024-01-09 обработан. Найдено записей: 184.
[2025-05-19 14:57:07] INFO: Файл бюллетеня от 2024-01-10 обработан. Найдено записей: 189.
[2025-05-19 14:57:08] INFO: Файл бюллетеня от 2024-01-11 обработан. Найдено записей: 204.
[2025-05-19 14:57:09] INFO: Файл бюллетеня от 2024-01-12 обработан. Найдено записей: 205.
[2025-05-19 14:57:09] INFO: Файл бюллетеня от 2024-01-15 обработан. Найдено записей: 215.
[2025-05-19 14:57:10] INFO: Файл бюллетеня от 2024-01-16 обработан. Найдено записей: 205.
[2025-05-19 14:57:11] INFO: Файл бюллетеня от 2024-01-17 обработан. Найдено записей: 205.
[2025-05-19 14:57:12] INFO: Файл бюллетеня от 2024-01-18 обработан. Найдено записей: 210.
[2025-05-19 14:57:12] INFO: Файл бюллетеня от 2024-01-19 обработан. Найдено записей: 210.
[2025-05-19 14:57:13] INFO: Файл бюллетеня от 2024-01-22 обработан. Найдено записей: 212.
[2025-05-19 14:57:14] INFO: Файл бюллетеня от 2024-01-23 обработан. Найдено записей: 216.
[2025-05-19 14:57:15] INFO: Файл бюллетеня от 2024-01-24 обработан. Найдено записей: 204.
[2025-05-19 14:57:16] INFO: Файл бюллетеня от 2024-01-25 обработан. Найдено записей: 201.
[2025-05-19 14:57:16] INFO: Файл бюллетеня от 2024-01-26 обработан. Найдено записей: 204.
[2025-05-19 14:57:17] INFO: Файл бюллетеня от 2024-01-29 обработан. Найдено записей: 219.
[2025-05-19 14:57:18] INFO: Файл бюллетеня от 2024-01-30 обработан. Найдено записей: 222.
[2025-05-19 14:57:18] INFO: Файл бюллетеня от 2024-01-31 обработан. Найдено записей: 192.
[2025-05-19 14:57:19] INFO: Файл бюллетеня от 2024-02-01 обработан. Найдено записей: 200.
[2025-05-19 14:57:20] INFO: Файл бюллетеня от 2024-02-02 обработан. Найдено записей: 174.
[2025-05-19 14:57:21] INFO: Файл бюллетеня от 2024-02-05 обработан. Найдено записей: 200.
[2025-05-19 14:57:21] INFO: Файл бюллетеня от 2024-02-06 обработан. Найдено записей: 191.
[2025-05-19 14:57:22] INFO: Файл бюллетеня от 2024-02-07 обработан. Найдено записей: 203.
[2025-05-19 14:57:23] INFO: Файл бюллетеня от 2024-02-08 обработан. Найдено записей: 187.
[2025-05-19 14:57:24] INFO: Файл бюллетеня от 2024-02-09 обработан. Найдено записей: 206.
[2025-05-19 14:57:25] INFO: Файл бюллетеня от 2024-02-12 обработан. Найдено записей: 198.
[2025-05-19 14:57:26] INFO: Файл бюллетеня от 2024-02-13 обработан. Найдено записей: 200.
[2025-05-19 14:57:26] INFO: Файл бюллетеня от 2024-02-14 обработан. Найдено записей: 202.
[2025-05-19 14:57:27] INFO: Файл бюллетеня от 2024-02-15 обработан. Найдено записей: 220.
[2025-05-19 14:57:28] INFO: Файл бюллетеня от 2024-02-16 обработан. Найдено записей: 197.
[2025-05-19 14:57:29] INFO: Файл бюллетеня от 2024-02-19 обработан. Найдено записей: 201.
[2025-05-19 14:57:30] INFO: Файл бюллетеня от 2024-02-20 обработан. Найдено записей: 231.
[2025-05-19 14:57:31] INFO: Файл бюллетеня от 2024-02-21 обработан. Найдено записей: 209.
[2025-05-19 14:57:31] INFO: Файл бюллетеня от 2024-02-22 обработан. Найдено записей: 198.
[2025-05-19 14:57:32] INFO: Файл бюллетеня от 2024-02-26 обработан. Найдено записей: 209.
[2025-05-19 14:57:32] INFO: Файл бюллетеня от 2024-02-27 обработан. Найдено записей: 200.
[2025-05-19 14:57:33] INFO: Файл бюллетеня от 2024-02-28 обработан. Найдено записей: 194.
[2025-05-19 14:57:34] INFO: Файл бюллетеня от 2024-02-29 обработан. Найдено записей: 198.
[2025-05-19 14:57:35] INFO: Файл бюллетеня от 2024-03-01 обработан. Найдено записей: 200.
[2025-05-19 14:57:36] INFO: Файл бюллетеня от 2024-03-04 обработан. Найдено записей: 200.
[2025-05-19 14:57:37] INFO: Файл бюллетеня от 2024-03-05 обработан. Найдено записей: 211.
[2025-05-19 14:57:38] INFO: Файл бюллетеня от 2024-03-06 обработан. Найдено записей: 201.
[2025-05-19 14:57:39] INFO: Файл бюллетеня от 2024-03-07 обработан. Найдено записей: 188.
[2025-05-19 14:57:39] INFO: Файл бюллетеня от 2024-03-11 обработан. Найдено записей: 182.
[2025-05-19 14:57:40] INFO: Файл бюллетеня от 2024-03-12 обработан. Найдено записей: 220.
[2025-05-19 14:57:41] INFO: Файл бюллетеня от 2024-03-13 обработан. Найдено записей: 198.
[2025-05-19 14:57:41] INFO: Файл бюллетеня от 2024-03-14 обработан. Найдено записей: 216.
[2025-05-19 14:57:42] INFO: Файл бюллетеня от 2024-03-15 обработан. Найдено записей: 191.
[2025-05-19 14:57:43] INFO: Файл бюллетеня от 2024-03-18 обработан. Найдено записей: 201.
[2025-05-19 14:57:43] INFO: Файл бюллетеня от 2024-03-19 обработан. Найдено записей: 211.
[2025-05-19 14:57:44] INFO: Файл бюллетеня от 2024-03-20 обработан. Найдено записей: 229.
[2025-05-19 14:57:45] INFO: Файл бюллетеня от 2024-03-21 обработан. Найдено записей: 207.
[2025-05-19 14:57:46] INFO: Файл бюллетеня от 2024-03-22 обработан. Найдено записей: 205.
[2025-05-19 14:57:47] INFO: Файл бюллетеня от 2024-03-25 обработан. Найдено записей: 201.
[2025-05-19 14:57:48] INFO: Файл бюллетеня от 2024-03-26 обработан. Найдено записей: 195.
[2025-05-19 14:57:48] INFO: Файл бюллетеня от 2024-03-27 обработан. Найдено записей: 205.
[2025-05-19 14:57:49] INFO: Файл бюллетеня от 2024-03-28 обработан. Найдено записей: 193.
[2025-05-19 14:57:50] INFO: Файл бюллетеня от 2024-03-29 обработан. Найдено записей: 190.
[2025-05-19 14:57:51] INFO: Файл бюллетеня от 2024-04-01 обработан. Найдено записей: 205.
[2025-05-19 14:57:52] INFO: Файл бюллетеня от 2024-04-02 обработан. Найдено записей: 202.
[2025-05-19 14:57:53] INFO: Файл бюллетеня от 2024-04-03 обработан. Найдено записей: 210.
[2025-05-19 14:57:53] INFO: Файл бюллетеня от 2024-04-04 обработан. Найдено записей: 199.
[2025-05-19 14:57:54] INFO: Файл бюллетеня от 2024-04-05 обработан. Найдено записей: 182.
[2025-05-19 14:57:54] INFO: Файл бюллетеня от 2024-04-08 обработан. Найдено записей: 175.
[2025-05-19 14:57:55] INFO: Файл бюллетеня от 2024-04-09 обработан. Найдено записей: 184.
[2025-05-19 14:57:56] INFO: Файл бюллетеня от 2024-04-10 обработан. Найдено записей: 179.
[2025-05-19 14:57:57] INFO: Файл бюллетеня от 2024-04-11 обработан. Найдено записей: 207.
[2025-05-19 14:57:57] INFO: Файл бюллетеня от 2024-04-12 обработан. Найдено записей: 188.
[2025-05-19 14:57:58] INFO: Файл бюллетеня от 2024-04-15 обработан. Найдено записей: 175.
[2025-05-19 14:57:59] INFO: Файл бюллетеня от 2024-04-16 обработан. Найдено записей: 179.
[2025-05-19 14:58:00] INFO: Файл бюллетеня от 2024-04-17 обработан. Найдено записей: 195.
[2025-05-19 14:58:01] INFO: Файл бюллетеня от 2024-04-18 обработан. Найдено записей: 185.
[2025-05-19 14:58:02] INFO: Файл бюллетеня от 2024-04-19 обработан. Найдено записей: 182.
[2025-05-19 14:58:02] INFO: Файл бюллетеня от 2024-04-22 обработан. Найдено записей: 184.
[2025-05-19 14:58:03] INFO: Файл бюллетеня от 2024-04-23 обработан. Найдено записей: 196.
[2025-05-19 14:58:04] INFO: Файл бюллетеня от 2024-04-24 обработан. Найдено записей: 189.
[2025-05-19 14:58:04] INFO: Файл бюллетеня от 2024-04-25 обработан. Найдено записей: 174.
[2025-05-19 14:58:05] INFO: Файл бюллетеня от 2024-04-26 обработан. Найдено записей: 181.
[2025-05-19 14:58:06] INFO: Файл бюллетеня от 2024-04-27 обработан. Найдено записей: 176.
[2025-05-19 14:58:07] INFO: Файл бюллетеня от 2024-05-02 обработан. Найдено записей: 189.
[2025-05-19 14:58:08] INFO: Файл бюллетеня от 2024-05-03 обработан. Найдено записей: 193.
[2025-05-19 14:58:08] INFO: Файл бюллетеня от 2024-05-06 обработан. Найдено записей: 187.
[2025-05-19 14:58:09] INFO: Файл бюллетеня от 2024-05-07 обработан. Найдено записей: 178.
[2025-05-19 14:58:10] INFO: Файл бюллетеня от 2024-05-08 обработан. Найдено записей: 210.
[2025-05-19 14:58:11] INFO: Файл бюллетеня от 2024-05-13 обработан. Найдено записей: 197.
[2025-05-19 14:58:12] INFO: Файл бюллетеня от 2024-05-14 обработан. Найдено записей: 202.
[2025-05-19 14:58:12] INFO: Файл бюллетеня от 2024-05-15 обработан. Найдено записей: 202.
[2025-05-19 14:58:13] INFO: Файл бюллетеня от 2024-05-16 обработан. Найдено записей: 200.
[2025-05-19 14:58:14] INFO: Файл бюллетеня от 2024-05-17 обработан. Найдено записей: 188.
[2025-05-19 14:58:15] INFO: Файл бюллетеня от 2024-05-20 обработан. Найдено записей: 200.
[2025-05-19 14:58:16] INFO: Файл бюллетеня от 2024-05-21 обработан. Найдено записей: 223.
[2025-05-19 14:58:17] INFO: Файл бюллетеня от 2024-05-22 обработан. Найдено записей: 215.
[2025-05-19 14:58:17] INFO: Файл бюллетеня от 2024-05-23 обработан. Найдено записей: 207.
[2025-05-19 14:58:18] INFO: Файл бюллетеня от 2024-05-24 обработан. Найдено записей: 212.
[2025-05-19 14:58:19] INFO: Файл бюллетеня от 2024-05-27 обработан. Найдено записей: 198.
[2025-05-19 14:58:20] INFO: Файл бюллетеня от 2024-05-28 обработан. Найдено записей: 200.
[2025-05-19 14:58:21] INFO: Файл бюллетеня от 2024-05-29 обработан. Найдено записей: 207.
[2025-05-19 14:58:22] INFO: Файл бюллетеня от 2024-05-30 обработан. Найдено записей: 204.
[2025-05-19 14:58:22] INFO: Файл бюллетеня от 2024-05-31 обработан. Найдено записей: 194.
[2025-05-19 14:58:23] INFO: Файл бюллетеня от 2024-06-03 обработан. Найдено записей: 199.
[2025-05-19 14:58:24] INFO: Файл бюллетеня от 2024-06-04 обработан. Найдено записей: 200.
[2025-05-19 14:58:25] INFO: Файл бюллетеня от 2024-06-05 обработан. Найдено записей: 196.
[2025-05-19 14:58:26] INFO: Файл бюллетеня от 2024-06-06 обработан. Найдено записей: 208.
[2025-05-19 14:58:27] INFO: Файл бюллетеня от 2024-06-07 обработан. Найдено записей: 205.
[2025-05-19 14:58:28] INFO: Файл бюллетеня от 2024-06-10 обработан. Найдено записей: 216.
[2025-05-19 14:58:29] INFO: Файл бюллетеня от 2024-06-11 обработан. Найдено записей: 224.
[2025-05-19 14:58:30] INFO: Файл бюллетеня от 2024-06-13 обработан. Найдено записей: 227.
[2025-05-19 14:58:31] INFO: Файл бюллетеня от 2024-06-14 обработан. Найдено записей: 209.
[2025-05-19 14:58:32] INFO: Файл бюллетеня от 2024-06-17 обработан. Найдено записей: 196.
[2025-05-19 14:58:32] INFO: Файл бюллетеня от 2024-06-18 обработан. Найдено записей: 219.
[2025-05-19 14:58:33] INFO: Файл бюллетеня от 2024-06-19 обработан. Найдено записей: 236.
[2025-05-19 14:58:34] INFO: Файл бюллетеня от 2024-06-20 обработан. Найдено записей: 219.
[2025-05-19 14:58:35] INFO: Файл бюллетеня от 2024-06-21 обработан. Найдено записей: 225.
[2025-05-19 14:58:36] INFO: Файл бюллетеня от 2024-06-24 обработан. Найдено записей: 198.
[2025-05-19 14:58:37] INFO: Файл бюллетеня от 2024-06-25 обработан. Найдено записей: 206.
[2025-05-19 14:58:38] INFO: Файл бюллетеня от 2024-06-26 обработан. Найдено записей: 208.
[2025-05-19 14:58:38] INFO: Файл бюллетеня от 2024-06-27 обработан. Найдено записей: 218.
[2025-05-19 14:58:39] INFO: Файл бюллетеня от 2024-06-28 обработан. Найдено записей: 201.
[2025-05-19 14:58:40] INFO: Файл бюллетеня от 2024-07-01 обработан. Найдено записей: 227.
[2025-05-19 14:58:41] INFO: Файл бюллетеня от 2024-07-02 обработан. Найдено записей: 246.
[2025-05-19 14:58:41] INFO: Файл бюллетеня от 2024-07-03 обработан. Найдено записей: 244.
[2025-05-19 14:58:42] INFO: Файл бюллетеня от 2024-07-04 обработан. Найдено записей: 219.
[2025-05-19 14:58:43] INFO: Файл бюллетеня от 2024-07-05 обработан. Найдено записей: 200.
[2025-05-19 14:58:44] INFO: Файл бюллетеня от 2024-07-08 обработан. Найдено записей: 212.
[2025-05-19 14:58:44] INFO: Файл бюллетеня от 2024-07-09 обработан. Найдено записей: 200.
[2025-05-19 14:58:45] INFO: Файл бюллетеня от 2024-07-10 обработан. Найдено записей: 223.
[2025-05-19 14:58:46] INFO: Файл бюллетеня от 2024-07-11 обработан. Найдено записей: 207.
[2025-05-19 14:58:46] INFO: Файл бюллетеня от 2024-07-12 обработан. Найдено записей: 198.
[2025-05-19 14:58:47] INFO: Файл бюллетеня от 2024-07-15 обработан. Найдено записей: 181.
[2025-05-19 14:58:48] INFO: Файл бюллетеня от 2024-07-16 обработан. Найдено записей: 202.
[2025-05-19 14:58:49] INFO: Файл бюллетеня от 2024-07-17 обработан. Найдено записей: 207.
[2025-05-19 14:58:49] INFO: Файл бюллетеня от 2024-07-18 обработан. Найдено записей: 209.
[2025-05-19 14:58:50] INFO: Файл бюллетеня от 2024-07-19 обработан. Найдено записей: 193.
[2025-05-19 14:58:51] INFO: Файл бюллетеня от 2024-07-22 обработан. Найдено записей: 169.
[2025-05-19 14:58:51] INFO: Файл бюллетеня от 2024-07-23 обработан. Найдено записей: 193.
[2025-05-19 14:58:52] INFO: Файл бюллетеня от 2024-07-24 обработан. Найдено записей: 182.
[2025-05-19 14:58:53] INFO: Файл бюллетеня от 2024-07-25 обработан. Найдено записей: 181.
[2025-05-19 14:58:54] INFO: Файл бюллетеня от 2024-07-26 обработан. Найдено записей: 172.
[2025-05-19 14:58:54] INFO: Файл бюллетеня от 2024-07-29 обработан. Найдено записей: 181.
[2025-05-19 14:58:55] INFO: Файл бюллетеня от 2024-07-30 обработан. Найдено записей: 213.
[2025-05-19 14:58:56] INFO: Файл бюллетеня от 2024-07-31 обработан. Найдено записей: 202.
[2025-05-19 14:58:56] INFO: Файл бюллетеня от 2024-08-01 обработан. Найдено записей: 218.
[2025-05-19 14:58:57] INFO: Файл бюллетеня от 2024-08-02 обработан. Найдено записей: 225.
[2025-05-19 14:58:58] INFO: Файл бюллетеня от 2024-08-05 обработан. Найдено записей: 218.
[2025-05-19 14:58:59] INFO: Файл бюллетеня от 2024-08-06 обработан. Найдено записей: 215.
[2025-05-19 14:59:00] INFO: Файл бюллетеня от 2024-08-07 обработан. Найдено записей: 206.
[2025-05-19 14:59:00] INFO: Файл бюллетеня от 2024-08-08 обработан. Найдено записей: 216.
[2025-05-19 14:59:01] INFO: Файл бюллетеня от 2024-08-09 обработан. Найдено записей: 218.
[2025-05-19 14:59:02] INFO: Файл бюллетеня от 2024-08-12 обработан. Найдено записей: 211.
[2025-05-19 14:59:02] INFO: Файл бюллетеня от 2024-08-13 обработан. Найдено записей: 217.
[2025-05-19 14:59:03] INFO: Файл бюллетеня от 2024-08-14 обработан. Найдено записей: 212.
[2025-05-19 14:59:04] INFO: Файл бюллетеня от 2024-08-15 обработан. Найдено записей: 217.
[2025-05-19 14:59:05] INFO: Файл бюллетеня от 2024-08-16 обработан. Найдено записей: 208.
[2025-05-19 14:59:06] INFO: Файл бюллетеня от 2024-08-19 обработан. Найдено записей: 205.
[2025-05-19 14:59:07] INFO: Файл бюллетеня от 2024-08-20 обработан. Найдено записей: 212.
[2025-05-19 14:59:07] INFO: Файл бюллетеня от 2024-08-21 обработан. Найдено записей: 223.
[2025-05-19 14:59:08] INFO: Файл бюллетеня от 2024-08-22 обработан. Найдено записей: 243.
[2025-05-19 14:59:09] INFO: Файл бюллетеня от 2024-08-23 обработан. Найдено записей: 228.
[2025-05-19 14:59:10] INFO: Файл бюллетеня от 2024-08-26 обработан. Найдено записей: 216.
[2025-05-19 14:59:11] INFO: Файл бюллетеня от 2024-08-27 обработан. Найдено записей: 227.
[2025-05-19 14:59:11] INFO: Файл бюллетеня от 2024-08-28 обработан. Найдено записей: 214.
[2025-05-19 14:59:12] INFO: Файл бюллетеня от 2024-08-29 обработан. Найдено записей: 234.
[2025-05-19 14:59:13] INFO: Файл бюллетеня от 2024-08-30 обработан. Найдено записей: 228.
[2025-05-19 14:59:14] INFO: Файл бюллетеня от 2024-09-02 обработан. Найдено записей: 241.
[2025-05-19 14:59:15] INFO: Файл бюллетеня от 2024-09-03 обработан. Найдено записей: 252.
[2025-05-19 14:59:16] INFO: Файл бюллетеня от 2024-09-04 обработан. Найдено записей: 249.
[2025-05-19 14:59:17] INFO: Файл бюллетеня от 2024-09-05 обработан. Найдено записей: 251.
[2025-05-19 14:59:18] INFO: Файл бюллетеня от 2024-09-06 обработан. Найдено записей: 237.
[2025-05-19 14:59:19] INFO: Файл бюллетеня от 2024-09-09 обработан. Найдено записей: 235.
[2025-05-19 14:59:19] INFO: Файл бюллетеня от 2024-09-10 обработан. Найдено записей: 225.
[2025-05-19 14:59:20] INFO: Файл бюллетеня от 2024-09-11 обработан. Найдено записей: 218.
[2025-05-19 14:59:21] INFO: Файл бюллетеня от 2024-09-12 обработан. Найдено записей: 208.
[2025-05-19 14:59:22] INFO: Файл бюллетеня от 2024-09-13 обработан. Найдено записей: 215.
[2025-05-19 14:59:22] INFO: Файл бюллетеня от 2024-09-16 обработан. Найдено записей: 242.
[2025-05-19 14:59:23] INFO: Файл бюллетеня от 2024-09-17 обработан. Найдено записей: 226.
[2025-05-19 14:59:24] INFO: Файл бюллетеня от 2024-09-18 обработан. Найдено записей: 244.
[2025-05-19 14:59:25] INFO: Файл бюллетеня от 2024-09-19 обработан. Найдено записей: 240.
[2025-05-19 14:59:26] INFO: Файл бюллетеня от 2024-09-20 обработан. Найдено записей: 220.
[2025-05-19 14:59:26] INFO: Файл бюллетеня от 2024-09-23 обработан. Найдено записей: 233.
[2025-05-19 14:59:27] INFO: Файл бюллетеня от 2024-09-24 обработан. Найдено записей: 222.
[2025-05-19 14:59:28] INFO: Файл бюллетеня от 2024-09-25 обработан. Найдено записей: 228.
[2025-05-19 14:59:29] INFO: Файл бюллетеня от 2024-09-26 обработан. Найдено записей: 234.
[2025-05-19 14:59:30] INFO: Файл бюллетеня от 2024-09-27 обработан. Найдено записей: 223.
[2025-05-19 14:59:31] INFO: Файл бюллетеня от 2024-09-30 обработан. Найдено записей: 223.
[2025-05-19 14:59:32] INFO: Файл бюллетеня от 2024-10-01 обработан. Найдено записей: 241.
[2025-05-19 14:59:33] INFO: Файл бюллетеня от 2024-10-02 обработан. Найдено записей: 239.
[2025-05-19 14:59:34] INFO: Файл бюллетеня от 2024-10-03 обработан. Найдено записей: 238.
[2025-05-19 14:59:34] INFO: Файл бюллетеня от 2024-10-04 обработан. Найдено записей: 221.
[2025-05-19 14:59:35] INFO: Файл бюллетеня от 2024-10-07 обработан. Найдено записей: 236.
[2025-05-19 14:59:36] INFO: Файл бюллетеня от 2024-10-08 обработан. Найдено записей: 224.
[2025-05-19 14:59:37] INFO: Файл бюллетеня от 2024-10-09 обработан. Найдено записей: 229.
[2025-05-19 14:59:38] INFO: Файл бюллетеня от 2024-10-10 обработан. Найдено записей: 223.
[2025-05-19 14:59:39] INFO: Файл бюллетеня от 2024-10-11 обработан. Найдено записей: 210.
[2025-05-19 14:59:39] INFO: Файл бюллетеня от 2024-10-14 обработан. Найдено записей: 209.
[2025-05-19 14:59:40] INFO: Файл бюллетеня от 2024-10-15 обработан. Найдено записей: 226.
[2025-05-19 14:59:41] INFO: Файл бюллетеня от 2024-10-16 обработан. Найдено записей: 216.
[2025-05-19 14:59:42] INFO: Файл бюллетеня от 2024-10-17 обработан. Найдено записей: 225.
[2025-05-19 14:59:43] INFO: Файл бюллетеня от 2024-10-18 обработан. Найдено записей: 206.
[2025-05-19 14:59:43] INFO: Файл бюллетеня от 2024-10-21 обработан. Найдено записей: 210.
[2025-05-19 14:59:44] INFO: Файл бюллетеня от 2024-10-22 обработан. Найдено записей: 223.
[2025-05-19 14:59:45] INFO: Файл бюллетеня от 2024-10-23 обработан. Найдено записей: 212.
[2025-05-19 14:59:46] INFO: Файл бюллетеня от 2024-10-24 обработан. Найдено записей: 206.
[2025-05-19 14:59:46] INFO: Файл бюллетеня от 2024-10-25 обработан. Найдено записей: 225.
[2025-05-19 14:59:47] INFO: Файл бюллетеня от 2024-10-28 обработан. Найдено записей: 229.
[2025-05-19 14:59:48] INFO: Файл бюллетеня от 2024-10-29 обработан. Найдено записей: 225.
[2025-05-19 14:59:49] INFO: Файл бюллетеня от 2024-10-30 обработан. Найдено записей: 236.
[2025-05-19 14:59:50] INFO: Файл бюллетеня от 2024-10-31 обработан. Найдено записей: 219.
[2025-05-19 14:59:50] INFO: Файл бюллетеня от 2024-11-01 обработан. Найдено записей: 218.
[2025-05-19 14:59:51] INFO: Файл бюллетеня от 2024-11-02 обработан. Найдено записей: 207.
[2025-05-19 14:59:52] INFO: Файл бюллетеня от 2024-11-05 обработан. Найдено записей: 216.
[2025-05-19 14:59:52] INFO: Файл бюллетеня от 2024-11-06 обработан. Найдено записей: 223.
[2025-05-19 14:59:53] INFO: Файл бюллетеня от 2024-11-07 обработан. Найдено записей: 229.
[2025-05-19 14:59:54] INFO: Файл бюллетеня от 2024-11-08 обработан. Найдено записей: 227.
[2025-05-19 14:59:55] INFO: Файл бюллетеня от 2024-11-11 обработан. Найдено записей: 231.
[2025-05-19 14:59:55] INFO: Файл бюллетеня от 2024-11-12 обработан. Найдено записей: 231.
[2025-05-19 14:59:56] INFO: Файл бюллетеня от 2024-11-13 обработан. Найдено записей: 224.
[2025-05-19 14:59:57] INFO: Файл бюллетеня от 2024-11-14 обработан. Найдено записей: 215.
[2025-05-19 14:59:58] INFO: Файл бюллетеня от 2024-11-15 обработан. Найдено записей: 225.
[2025-05-19 14:59:59] INFO: Файл бюллетеня от 2024-11-18 обработан. Найдено записей: 230.
[2025-05-19 15:00:00] INFO: Файл бюллетеня от 2024-11-19 обработан. Найдено записей: 229.
[2025-05-19 15:00:01] INFO: Файл бюллетеня от 2024-11-20 обработан. Найдено записей: 238.
[2025-05-19 15:00:02] INFO: Файл бюллетеня от 2024-11-21 обработан. Найдено записей: 227.
[2025-05-19 15:00:02] INFO: Файл бюллетеня от 2024-11-22 обработан. Найдено записей: 219.
[2025-05-19 15:00:03] INFO: Файл бюллетеня от 2024-11-25 обработан. Найдено записей: 241.
[2025-05-19 15:00:04] INFO: Файл бюллетеня от 2024-11-26 обработан. Найдено записей: 250.
[2025-05-19 15:00:05] INFO: Файл бюллетеня от 2024-11-27 обработан. Найдено записей: 238.
[2025-05-19 15:00:05] INFO: Файл бюллетеня от 2024-11-28 обработан. Найдено записей: 252.
[2025-05-19 15:00:06] INFO: Файл бюллетеня от 2024-11-29 обработан. Найдено записей: 243.
[2025-05-19 15:00:07] INFO: Файл бюллетеня от 2024-12-02 обработан. Найдено записей: 235.
[2025-05-19 15:00:08] INFO: Файл бюллетеня от 2024-12-03 обработан. Найдено записей: 221.
[2025-05-19 15:00:09] INFO: Файл бюллетеня от 2024-12-04 обработан. Найдено записей: 244.
[2025-05-19 15:00:09] INFO: Файл бюллетеня от 2024-12-05 обработан. Найдено записей: 212.
[2025-05-19 15:00:10] INFO: Файл бюллетеня от 2024-12-06 обработан. Найдено записей: 204.
[2025-05-19 15:00:11] INFO: Файл бюллетеня от 2024-12-09 обработан. Найдено записей: 211.
[2025-05-19 15:00:12] INFO: Файл бюллетеня от 2024-12-10 обработан. Найдено записей: 230.
[2025-05-19 15:00:13] INFO: Файл бюллетеня от 2024-12-11 обработан. Найдено записей: 232.
[2025-05-19 15:00:14] INFO: Файл бюллетеня от 2024-12-12 обработан. Найдено записей: 223.
[2025-05-19 15:00:14] INFO: Файл бюллетеня от 2024-12-13 обработан. Найдено записей: 222.
[2025-05-19 15:00:15] INFO: Файл бюллетеня от 2024-12-16 обработан. Найдено записей: 227.
[2025-05-19 15:00:16] INFO: Файл бюллетеня от 2024-12-17 обработан. Найдено записей: 230.
[2025-05-19 15:00:17] INFO: Файл бюллетеня от 2024-12-18 обработан. Найдено записей: 231.
[2025-05-19 15:00:18] INFO: Файл бюллетеня от 2024-12-19 обработан. Найдено записей: 235.
[2025-05-19 15:00:19] INFO: Файл бюллетеня от 2024-12-20 обработан. Найдено записей: 245.
[2025-05-19 15:00:19] INFO: Файл бюллетеня от 2024-12-23 обработан. Найдено записей: 232.
[2025-05-19 15:00:20] INFO: Файл бюллетеня от 2024-12-24 обработан. Найдено записей: 248.
[2025-05-19 15:00:21] INFO: Файл бюллетеня от 2024-12-25 обработан. Найдено записей: 236.
[2025-05-19 15:00:22] INFO: Файл бюллетеня от 2024-12-26 обработан. Найдено записей: 239.
[2025-05-19 15:00:23] INFO: Файл бюллетеня от 2024-12-27 обработан. Найдено записей: 208.
[2025-05-19 15:00:23] INFO: Файл бюллетеня от 2024-12-28 обработан. Найдено записей: 188.
[2025-05-19 15:00:24] INFO: Файл бюллетеня от 2025-01-09 обработан. Найдено записей: 216.
[2025-05-19 15:00:25] INFO: Файл бюллетеня от 2025-01-10 обработан. Найдено записей: 226.
[2025-05-19 15:00:26] INFO: Файл бюллетеня от 2025-01-13 обработан. Найдено записей: 240.
[2025-05-19 15:00:27] INFO: Файл бюллетеня от 2025-01-14 обработан. Найдено записей: 239.
[2025-05-19 15:00:28] INFO: Файл бюллетеня от 2025-01-15 обработан. Найдено записей: 229.
[2025-05-19 15:00:29] INFO: Файл бюллетеня от 2025-01-16 обработан. Найдено записей: 237.
[2025-05-19 15:00:29] INFO: Файл бюллетеня от 2025-01-17 обработан. Найдено записей: 233.
[2025-05-19 15:00:30] INFO: Файл бюллетеня от 2025-01-20 обработан. Найдено записей: 239.
[2025-05-19 15:00:31] INFO: Файл бюллетеня от 2025-01-21 обработан. Найдено записей: 241.
[2025-05-19 15:00:32] INFO: Файл бюллетеня от 2025-01-22 обработан. Найдено записей: 234.
[2025-05-19 15:00:33] INFO: Файл бюллетеня от 2025-01-23 обработан. Найдено записей: 242.
[2025-05-19 15:00:34] INFO: Файл бюллетеня от 2025-01-24 обработан. Найдено записей: 202.
[2025-05-19 15:00:35] INFO: Файл бюллетеня от 2025-01-27 обработан. Найдено записей: 214.
[2025-05-19 15:00:37] INFO: Файл бюллетеня от 2025-01-28 обработан. Найдено записей: 242.
[2025-05-19 15:00:38] INFO: Файл бюллетеня от 2025-01-29 обработан. Найдено записей: 235.
[2025-05-19 15:00:38] INFO: Файл бюллетеня от 2025-01-30 обработан. Найдено записей: 226.
[2025-05-19 15:00:39] INFO: Файл бюллетеня от 2025-01-31 обработан. Найдено записей: 213.
[2025-05-19 15:00:40] INFO: Файл бюллетеня от 2025-02-03 обработан. Найдено записей: 217.
[2025-05-19 15:00:41] INFO: Файл бюллетеня от 2025-02-04 обработан. Найдено записей: 235.
[2025-05-19 15:00:42] INFO: Файл бюллетеня от 2025-02-05 обработан. Найдено записей: 223.
[2025-05-19 15:00:43] INFO: Файл бюллетеня от 2025-02-06 обработан. Найдено записей: 232.
[2025-05-19 15:00:44] INFO: Файл бюллетеня от 2025-02-07 обработан. Найдено записей: 214.
[2025-05-19 15:00:45] INFO: Файл бюллетеня от 2025-02-10 обработан. Найдено записей: 220.
[2025-05-19 15:00:46] INFO: Файл бюллетеня от 2025-02-11 обработан. Найдено записей: 227.
[2025-05-19 15:00:46] INFO: Файл бюллетеня от 2025-02-12 обработан. Найдено записей: 223.
[2025-05-19 15:00:47] INFO: Файл бюллетеня от 2025-02-13 обработан. Найдено записей: 222.
[2025-05-19 15:00:48] INFO: Файл бюллетеня от 2025-02-14 обработан. Найдено записей: 228.
[2025-05-19 15:00:49] INFO: Файл бюллетеня от 2025-02-17 обработан. Найдено записей: 226.
[2025-05-19 15:00:50] INFO: Файл бюллетеня от 2025-02-18 обработан. Найдено записей: 221.
[2025-05-19 15:00:51] INFO: Файл бюллетеня от 2025-02-19 обработан. Найдено записей: 223.
[2025-05-19 15:00:52] INFO: Файл бюллетеня от 2025-02-20 обработан. Найдено записей: 227.
[2025-05-19 15:00:53] INFO: Файл бюллетеня от 2025-02-21 обработан. Найдено записей: 205.
[2025-05-19 15:00:54] INFO: Файл бюллетеня от 2025-02-24 обработан. Найдено записей: 212.
[2025-05-19 15:00:55] INFO: Файл бюллетеня от 2025-02-25 обработан. Найдено записей: 210.
[2025-05-19 15:00:56] INFO: Файл бюллетеня от 2025-02-26 обработан. Найдено записей: 228.
[2025-05-19 15:00:57] INFO: Файл бюллетеня от 2025-02-27 обработан. Найдено записей: 225.
[2025-05-19 15:00:58] INFO: Файл бюллетеня от 2025-02-28 обработан. Найдено записей: 195.
[2025-05-19 15:00:59] INFO: Файл бюллетеня от 2025-03-03 обработан. Найдено записей: 238.
[2025-05-19 15:01:00] INFO: Файл бюллетеня от 2025-03-04 обработан. Найдено записей: 222.
[2025-05-19 15:01:01] INFO: Файл бюллетеня от 2025-03-05 обработан. Найдено записей: 224.
[2025-05-19 15:01:02] INFO: Файл бюллетеня от 2025-03-06 обработан. Найдено записей: 209.
[2025-05-19 15:01:03] INFO: Файл бюллетеня от 2025-03-07 обработан. Найдено записей: 209.
[2025-05-19 15:01:04] INFO: Файл бюллетеня от 2025-03-10 обработан. Найдено записей: 214.
[2025-05-19 15:01:05] INFO: Файл бюллетеня от 2025-03-11 обработан. Найдено записей: 209.
[2025-05-19 15:01:07] INFO: Файл бюллетеня от 2025-03-12 обработан. Найдено записей: 207.
[2025-05-19 15:01:07] INFO: Файл бюллетеня от 2025-03-13 обработан. Найдено записей: 215.
[2025-05-19 15:01:09] INFO: Файл бюллетеня от 2025-03-14 обработан. Найдено записей: 211.
[2025-05-19 15:01:09] INFO: Файл бюллетеня от 2025-03-17 обработан. Найдено записей: 217.
[2025-05-19 15:01:11] INFO: Файл бюллетеня от 2025-03-18 обработан. Найдено записей: 241.
[2025-05-19 15:01:12] INFO: Файл бюллетеня от 2025-03-19 обработан. Найдено записей: 232.
[2025-05-19 15:01:13] INFO: Файл бюллетеня от 2025-03-20 обработан. Найдено записей: 215.
[2025-05-19 15:01:13] INFO: Файл бюллетеня от 2025-03-21 обработан. Найдено записей: 212.
[2025-05-19 15:01:14] INFO: Файл бюллетеня от 2025-03-24 обработан. Найдено записей: 225.
[2025-05-19 15:01:15] INFO: Файл бюллетеня от 2025-03-25 обработан. Найдено записей: 222.
[2025-05-19 15:01:16] INFO: Файл бюллетеня от 2025-03-26 обработан. Найдено записей: 218.
[2025-05-19 15:01:17] INFO: Файл бюллетеня от 2025-03-27 обработан. Найдено записей: 222.
[2025-05-19 15:01:18] INFO: Файл бюллетеня от 2025-03-28 обработан. Найдено записей: 195.
[2025-05-19 15:01:20] INFO: Файл бюллетеня от 2025-03-31 обработан. Найдено записей: 190.
[2025-05-19 15:01:20] INFO: Файл бюллетеня от 2025-04-01 обработан. Найдено записей: 220.
[2025-05-19 15:01:21] INFO: Файл бюллетеня от 2025-04-02 обработан. Найдено записей: 224.
[2025-05-19 15:01:22] INFO: Файл бюллетеня от 2025-04-03 обработан. Найдено записей: 224.
[2025-05-19 15:01:23] INFO: Файл бюллетеня от 2025-04-04 обработан. Найдено записей: 193.
[2025-05-19 15:01:24] INFO: Файл бюллетеня от 2025-04-07 обработан. Найдено записей: 192.
[2025-05-19 15:01:25] INFO: Файл бюллетеня от 2025-04-08 обработан. Найдено записей: 207.
[2025-05-19 15:01:26] INFO: Файл бюллетеня от 2025-04-09 обработан. Найдено записей: 227.
[2025-05-19 15:01:27] INFO: Файл бюллетеня от 2025-04-10 обработан. Найдено записей: 209.
[2025-05-19 15:01:28] INFO: Файл бюллетеня от 2025-04-11 обработан. Найдено записей: 220.
[2025-05-19 15:01:29] INFO: Файл бюллетеня от 2025-04-14 обработан. Найдено записей: 222.
[2025-05-19 15:01:30] INFO: Файл бюллетеня от 2025-04-15 обработан. Найдено записей: 220.
[2025-05-19 15:01:31] INFO: Файл бюллетеня от 2025-04-16 обработан. Найдено записей: 220.
[2025-05-19 15:01:32] INFO: Файл бюллетеня от 2025-04-17 обработан. Найдено записей: 222.
[2025-05-19 15:01:33] INFO: Файл бюллетеня от 2025-04-18 обработан. Найдено записей: 202.
[2025-05-19 15:01:34] INFO: Файл бюллетеня от 2025-04-21 обработан. Найдено записей: 211.
[2025-05-19 15:01:35] INFO: Файл бюллетеня от 2025-04-22 обработан. Найдено записей: 226.
[2025-05-19 15:01:36] INFO: Файл бюллетеня от 2025-04-23 обработан. Найдено записей: 225.
[2025-05-19 15:01:37] INFO: Файл бюллетеня от 2025-04-24 обработан. Найдено записей: 244.
[2025-05-19 15:01:37] INFO: Файл бюллетеня от 2025-04-25 обработан. Найдено записей: 228.
[2025-05-19 15:01:38] INFO: Файл бюллетеня от 2025-04-28 обработан. Найдено записей: 243.
[2025-05-19 15:01:40] INFO: Файл бюллетеня от 2025-04-29 обработан. Найдено записей: 237.
[2025-05-19 15:01:41] INFO: Файл бюллетеня от 2025-04-30 обработан. Найдено записей: 223.
[2025-05-19 15:01:42] INFO: Файл бюллетеня от 2025-05-05 обработан. Найдено записей: 220.
[2025-05-19 15:01:43] INFO: Файл бюллетеня от 2025-05-06 обработан. Найдено записей: 237.
[2025-05-19 15:01:44] INFO: Файл бюллетеня от 2025-05-07 обработан. Найдено записей: 219.
[2025-05-19 15:01:45] INFO: Файл бюллетеня от 2025-05-12 обработан. Найдено записей: 242.
[2025-05-19 15:01:46] INFO: Файл бюллетеня от 2025-05-13 обработан. Найдено записей: 238.
[2025-05-19 15:01:47] INFO: Файл бюллетеня от 2025-05-14 обработан. Найдено записей: 231.
[2025-05-19 15:01:48] INFO: Файл бюллетеня от 2025-05-15 обработан. Найдено записей: 231.
[2025-05-19 15:01:49] INFO: Файл бюллетеня от 2025-05-16 обработан. Найдено записей: 223.
[2025-05-19 15:01:50] INFO: Файл бюллетеня от 2025-05-19 обработан. Найдено записей: 218.
[2025-05-19 15:01:50] INFO: Всего записей: 118738
[2025-05-19 15:02:06] INFO: Добавлено новых записей: 118738
